<?xml version="1.0" encoding="UTF-8"?>
<!-- Generated by org.testng.reporters.JUnitReportReporter -->
<testsuite hostname="DESKTOP-SDBG9IR" failures="0" tests="1" name="testCases.TC03_SearchByUserRole" time="9.903" errors="0" timestamp="2025-07-04T23:40:14 IST" skipped="0">
  <testcase classname="testCases.TC03_SearchByUserRole" name="getOptions" time="9.903"/>
</testsuite> <!-- testCases.TC03_SearchByUserRole -->
