<?xml version="1.0" encoding="UTF-8"?>
<!-- Generated by org.testng.reporters.JUnitReportReporter -->
<testsuite hostname="DESKTOP-SDBG9IR" failures="0" tests="1" name="testCases.TC04_SearchByStatus" time="11.012" errors="0" timestamp="2025-07-04T23:40:14 IST" skipped="0">
  <testcase classname="testCases.TC04_SearchByStatus" name="getOptions" time="11.012"/>
</testsuite> <!-- testCases.TC04_SearchByStatus -->
