<?xml version="1.0" encoding="UTF-8"?>
<!-- Generated by org.testng.reporters.JUnitReportReporter -->
<testsuite hostname="DESKTOP-SDBG9IR" failures="0" tests="1" name="testCases.TC02_SearchByUsername" time="9.673" errors="0" timestamp="2025-07-04T23:40:14 IST" skipped="0">
  <testcase classname="testCases.TC02_SearchByUsername" name="getOptions" time="9.673"/>
</testsuite> <!-- testCases.TC02_SearchByUsername -->
