<?xml version="1.0" encoding="UTF-8"?>
<!-- Generated by org.testng.reporters.JUnitReportReporter -->
<testsuite hostname="DESKTOP-SDBG9IR" failures="0" tests="5" name="testCases.LoginDDT" time="60.636" errors="0" timestamp="2025-07-04T23:40:14 IST" skipped="0">
  <testcase classname="testCases.LoginDDT" name="verifyLogin" time="12.533"/>
  <testcase classname="testCases.LoginDDT" name="verifyLogin" time="5.922"/>
  <testcase classname="testCases.LoginDDT" name="verifyLogin" time="12.534"/>
  <testcase classname="testCases.LoginDDT" name="verifyLogin" time="16.219"/>
  <testcase classname="testCases.LoginDDT" name="verifyLogin" time="13.428"/>
</testsuite> <!-- testCases.LoginDDT -->
