<?xml version="1.0" encoding="UTF-8"?>
<!-- Generated by org.testng.reporters.JUnitReportReporter -->
<testsuite hostname="DESKTOP-SDBG9IR" failures="0" tests="1" name="testCases.TC01_GetAllOptions" time="6.165" errors="0" timestamp="2025-07-04T23:40:14 IST" skipped="0">
  <testcase classname="testCases.TC01_GetAllOptions" name="getOptions" time="6.165"/>
</testsuite> <!-- testCases.TC01_GetAllOptions -->
